[Tue 2021-07-06 11:17:19 AM][client::1][/blueoceantech.in/user.php] test@gmail.com have registered successfully.
 [Tue 2021-07-06 11:51:21 AM][client::1][/blueoceantech.in/user.php] vaibhavblueocean@gmail.com have registered successfully.
 [Tue 2021-07-06 11:52:50 AM][client::1][/blueoceantech.in/user.php] vaibhavblueocean@gmail.com have registered successfully.
 [Tue 2021-07-06 11:53:30 AM][client::1][/blueoceantech.in/user.php] vaibhavblueocean@gmail.com have already been registered.
 [Tue 2021-07-06 11:56:15 AM][client::1][/blueoceantech.in/user.php] vaibhavblueocean@gmail.com have already been registered.
 [Tue 2021-07-06 11:56:15 AM][client192.168.1.19][/blueoceantech.in/user.php] vaibhavblueocean@gmail.com have already been registered.
 [Tue 2021-07-06 11:57:34 AM][client::1][/blueoceantech.in/user.php] vaibhavblueocean@gmail.com have registered successfully.
 [Tue 2021-07-06 11:57:48 AM][client192.168.1.19][/blueoceantech.in/user.php] This slot is full, Please try another slot.
 [Tue 2021-07-06 11:59:35 AM][client::1][/blueoceantech.in/user.php] vaibhavblueocean@gmail.com have registered successfully.
 [Tue 2021-07-06 03:49:59 PM][client::1][/blueoceantech.in/user.php] vaibhavblueocean@gmail.com have registered successfully.
 [Tue 2021-07-06 03:55:05 PM][client::1][/blueoceantech.in/user.php] vaibhavblueocean@gmail.com have registered successfully.
 [Tue 2021-07-06 03:57:21 PM][client::1][/blueoceantech.in/user.php] vaibhavblueocean@gmail.com have registered successfully.
 [Tue 2021-07-06 03:58:59 PM][client::1][/blueoceantech.in/user.php] vaibhavblueocean@gmail.com have registered successfully.
 [Tue 2021-07-06 04:00:56 PM][client::1][/blueoceantech.in/user.php] vaibhavblueocean@gmail.com have registered successfully.
 [Tue 2021-07-06 04:05:30 PM][client::1][/blueoceantech.in/user.php] vaibhavblueocean@gmail.com have registered successfully.
 [Tue 2021-07-06 04:06:44 PM][client::1][/blueoceantech.in/user.php] vaibhavblueocean@gmail.com have already been registered.
 [Tue 2021-07-06 04:07:21 PM][client::1][/blueoceantech.in/user.php] vaibhavblueocean@gmail.com have registered successfully.
 [Tue 2021-07-06 05:19:53 PM][client::1][/blueoceantech.in/user.php] vaibhavblueocean@gmail.com have registered successfully.
 [Tue 2021-07-06 05:23:29 PM][client::1][/blueoceantech.in/user.php] vaibhavblueocean@gmail.com have registered successfully.
 [Tue 2021-07-06 05:26:02 PM][client::1][/blueoceantech.in/user.php] vaibhavblueocean@gmail.com have registered successfully.
 [Tue 2021-07-06 05:28:39 PM][client::1][/blueoceantech.in/user.php] vaibhavblueocean@gmail.com have registered successfully.
 [Tue 2021-07-06 05:31:52 PM][client::1][/blueoceantech.in/user.php] vaibhavblueocean@gmail.com have registered successfully.
 